TN:
SF:src/core/XCloudBot.ts
FN:23,(anonymous_0)
FN:34,(anonymous_1)
FN:54,(anonymous_2)
FN:77,(anonymous_3)
FN:100,(anonymous_4)
FN:111,(anonymous_5)
FNF:6
FNH:6
FNDA:21,(anonymous_0)
FNDA:16,(anonymous_1)
FNDA:14,(anonymous_2)
FNDA:27,(anonymous_3)
FNDA:24,(anonymous_4)
FNDA:4,(anonymous_5)
DA:6,3
DA:7,3
DA:8,3
DA:17,3
DA:21,21
DA:24,21
DA:25,21
DA:26,21
DA:28,21
DA:35,16
DA:36,16
DA:39,16
DA:42,15
DA:44,15
DA:46,1
DA:47,1
DA:55,14
DA:56,1
DA:57,1
DA:60,13
DA:61,13
DA:64,13
DA:66,13
DA:67,13
DA:69,0
DA:70,0
DA:78,27
DA:79,14
DA:80,14
DA:83,13
DA:84,13
DA:87,13
DA:89,13
DA:90,13
DA:92,0
DA:93,0
DA:101,24
DA:112,4
DA:113,4
DA:114,4
DA:116,0
DA:117,0
LF:42
LH:36
BRDA:55,0,0,1
BRDA:78,1,0,14
BRDA:114,2,0,4
BRDA:114,2,1,3
BRF:4
BRH:4
end_of_record
TN:
SF:src/services/DevOpsService.ts
FN:28,(anonymous_0)
FN:35,(anonymous_1)
FN:53,(anonymous_2)
FN:71,(anonymous_3)
FN:85,(anonymous_4)
FN:101,(anonymous_5)
FN:117,(anonymous_6)
FN:133,(anonymous_7)
FN:146,(anonymous_8)
FN:155,(anonymous_9)
FNF:10
FNH:10
FNDA:33,(anonymous_0)
FNDA:24,(anonymous_1)
FNDA:20,(anonymous_2)
FNDA:25,(anonymous_3)
FNDA:1,(anonymous_4)
FNDA:1,(anonymous_5)
FNDA:1,(anonymous_6)
FNDA:7,(anonymous_7)
FNDA:24,(anonymous_8)
FNDA:24,(anonymous_9)
DA:5,4
DA:23,4
DA:25,33
DA:26,33
DA:29,33
DA:36,24
DA:37,24
DA:40,24
DA:42,24
DA:43,24
DA:45,0
DA:46,0
DA:54,20
DA:55,1
DA:58,19
DA:59,19
DA:60,19
DA:61,19
DA:63,0
DA:64,0
DA:72,25
DA:73,25
DA:74,25
DA:75,25
DA:77,0
DA:78,0
DA:86,1
DA:89,1
DA:102,1
DA:105,1
DA:118,1
DA:121,1
DA:134,7
DA:136,7
DA:138,0
DA:139,0
DA:152,24
DA:155,24
LF:38
LH:30
BRDA:54,0,0,1
BRDA:136,1,0,7
BRDA:136,1,1,6
BRF:3
BRH:3
end_of_record
TN:
SF:src/utils/ConfigManager.ts
FN:18,(anonymous_0)
FN:26,(anonymous_1)
FN:46,(anonymous_2)
FN:66,(anonymous_3)
FN:79,(anonymous_4)
FN:87,(anonymous_5)
FN:94,(anonymous_6)
FN:101,(anonymous_7)
FNF:8
FNH:5
FNDA:21,(anonymous_0)
FNDA:15,(anonymous_1)
FNDA:15,(anonymous_2)
FNDA:15,(anonymous_3)
FNDA:48,(anonymous_4)
FNDA:0,(anonymous_5)
FNDA:0,(anonymous_6)
FNDA:0,(anonymous_7)
DA:5,3
DA:14,3
DA:19,21
DA:20,21
DA:27,15
DA:28,15
DA:31,15
DA:34,15
DA:36,15
DA:38,0
DA:39,0
DA:47,15
DA:54,15
DA:55,60
DA:56,60
DA:58,2
DA:67,15
DA:69,15
DA:70,30
DA:71,0
DA:80,48
DA:81,48
DA:88,0
DA:95,0
DA:102,0
LF:25
LH:19
BRDA:56,0,0,2
BRDA:56,1,0,60
BRDA:56,1,1,30
BRDA:70,2,0,0
BRDA:81,3,0,48
BRDA:81,3,1,0
BRF:6
BRH:4
end_of_record
TN:
SF:src/utils/Logger.ts
FN:5,(anonymous_0)
FN:16,(anonymous_1)
FN:21,(anonymous_2)
FN:26,(anonymous_3)
FN:33,(anonymous_4)
FN:40,(anonymous_5)
FN:47,(anonymous_6)
FN:54,(anonymous_7)
FN:64,(anonymous_8)
FNF:9
FNH:9
FNDA:5,(anonymous_0)
FNDA:89,(anonymous_1)
FNDA:323,(anonymous_2)
FNDA:4,(anonymous_3)
FNDA:2,(anonymous_4)
FNDA:303,(anonymous_5)
FNDA:17,(anonymous_6)
FNDA:3,(anonymous_7)
FNDA:1,(anonymous_8)
DA:5,5
DA:6,5
DA:7,5
DA:8,5
DA:9,5
DA:12,5
DA:17,89
DA:18,89
DA:22,323
DA:24,323
DA:26,4
DA:30,323
DA:34,2
DA:36,1
DA:41,303
DA:43,302
DA:48,17
DA:50,17
DA:55,3
DA:57,3
DA:65,1
LF:21
LH:21
BRDA:5,0,0,5
BRDA:5,0,1,5
BRDA:16,1,0,76
BRDA:24,2,0,3
BRDA:24,2,1,320
BRDA:26,3,0,3
BRDA:26,3,1,1
BRDA:34,4,0,1
BRDA:41,5,0,302
BRDA:48,6,0,17
BRDA:55,7,0,3
BRF:11
BRH:11
end_of_record
